2022-12-02 12:17:44 Loading main app package /tmp/.mount_ObsidiSDDlWc/resources/obsidian.asar
2022-12-02 12:17:44 Checking for update using Github
2022-12-02 12:17:44 Success.
2022-12-02 12:17:44 Latest version is 1.0.3
2022-12-02 12:17:44 App is up to date.
2022-12-02 13:36:34 Loading main app package /tmp/.mount_obsidi2o8zmq/resources/obsidian.asar
2022-12-02 13:36:34 Checking for update using Github
2022-12-02 13:36:34 Success.
2022-12-02 13:36:34 Latest version is 1.0.3
2022-12-02 13:36:34 App is up to date.
2022-12-20 17:15:42 Loading main app package /tmp/.mount_obsidiPeHqW7/resources/obsidian.asar
2022-12-20 17:15:42 Checking for update using Github
2022-12-20 17:15:42 Success.
2022-12-20 17:15:42 Latest version is 1.1.8
2022-12-20 17:15:42 App is up to date.
2022-12-21 07:56:02 Loading main app package /tmp/.mount_obsidiM5CM0A/resources/obsidian.asar
2022-12-21 07:56:03 Checking for update using Github
2022-12-21 07:56:03 Success.
2022-12-21 07:56:03 Latest version is 1.1.8
2022-12-21 07:56:03 App is up to date.
2022-12-21 16:21:11 Checking for update using Github
2022-12-21 16:21:11 Success.
2022-12-21 16:21:11 Latest version is 1.1.8
2022-12-21 16:21:11 App is up to date.
2022-12-22 11:44:40 Loading main app package /tmp/.mount_obsidi8qM2fy/resources/obsidian.asar
2022-12-22 11:44:41 Checking for update using Github
2022-12-22 11:44:41 Success.
2022-12-22 11:44:41 Latest version is 1.1.8
2022-12-22 11:44:41 App is up to date.
2022-12-22 12:44:40 Checking for update using Github
2022-12-22 12:44:40 Success.
2022-12-22 12:44:40 Latest version is 1.1.8
2022-12-22 12:44:40 App is up to date.
2022-12-24 22:47:30 Loading main app package /tmp/.mount_obsidiDZWOnh/resources/obsidian.asar
2022-12-24 22:47:31 Checking for update using Github
2022-12-24 22:47:31 Success.
2022-12-24 22:47:31 Latest version is 1.1.9
2022-12-24 22:47:31 Downloading update from https://github.com/obsidianmd/obsidian-releases/releases/download/v1.1.9/obsidian-1.1.9.asar.gz
2022-12-24 22:47:31 Verifying hash & signature. Size= 5753685
2022-12-24 22:47:31 Saving file
2022-12-24 22:47:31 Update complete.
2022-12-24 23:47:30 Checking for update using Github
2022-12-24 23:47:30 Success.
2022-12-24 23:47:30 Latest version is 1.1.9
2022-12-24 23:47:30 An update is already downloaded.
2022-12-25 00:47:30 Checking for update using Github
2022-12-25 00:47:30 Success.
2022-12-25 00:47:30 Latest version is 1.1.9
2022-12-25 00:47:30 An update is already downloaded.
2022-12-25 01:47:30 Checking for update using Github
2022-12-25 01:47:30 Success.
2022-12-25 01:47:30 Latest version is 1.1.9
2022-12-25 01:47:30 An update is already downloaded.
2022-12-29 08:41:36 Loading updated app package /home/jbc/.config/obsidian/obsidian-1.1.9.asar
2022-12-29 08:41:36 Checking for update using Github
2022-12-29 08:41:36 Success.
2022-12-29 08:41:36 Latest version is 1.1.9
2022-12-29 08:41:36 App is up to date.
2022-12-30 05:23:05 Loading updated app package /home/jbc/.config/obsidian/obsidian-1.1.9.asar
2022-12-30 05:23:05 Checking for update using Github
2022-12-30 05:23:06 Success.
2022-12-30 05:23:06 Latest version is 1.1.9
2022-12-30 05:23:06 App is up to date.
2023-01-03 20:05:08 Loading updated app package /home/jbc/.config/obsidian/obsidian-1.1.9.asar
2023-01-03 20:05:09 Checking for update using Github
2023-01-03 20:05:09 Success.
2023-01-03 20:05:09 Latest version is 1.1.9
2023-01-03 20:05:09 App is up to date.
2023-01-03 21:05:06 Checking for update using Github
2023-01-03 21:05:06 Success.
2023-01-03 21:05:06 Latest version is 1.1.9
2023-01-03 21:05:06 App is up to date.
2023-01-06 12:00:09 Loading updated app package /home/jbc/.config/obsidian/obsidian-1.1.9.asar
2023-01-06 12:00:09 Checking for update using Github
2023-01-06 12:00:10 Success.
2023-01-06 12:00:10 Latest version is 1.1.9
2023-01-06 12:00:10 App is up to date.
2023-01-06 13:00:09 Checking for update using Github
2023-01-06 13:00:09 Success.
2023-01-06 13:00:09 Latest version is 1.1.9
2023-01-06 13:00:09 App is up to date.
2023-01-06 17:48:18 Checking for update using Github
2023-01-06 17:48:19 Success.
2023-01-06 17:48:19 Latest version is 1.1.9
2023-01-06 17:48:19 App is up to date.
2023-01-06 18:48:19 Checking for update using Github
2023-01-06 18:48:19 Success.
2023-01-06 18:48:19 Latest version is 1.1.9
2023-01-06 18:48:19 App is up to date.
2023-01-06 19:48:19 Checking for update using Github
2023-01-06 19:48:19 Success.
2023-01-06 19:48:19 Latest version is 1.1.9
2023-01-06 19:48:19 App is up to date.
2023-01-06 20:48:19 Checking for update using Github
2023-01-06 20:48:19 Success.
2023-01-06 20:48:19 Latest version is 1.1.9
2023-01-06 20:48:19 App is up to date.
2023-01-15 07:11:27 Loading updated app package /home/jbc/.config/obsidian/obsidian-1.1.9.asar
2023-01-15 07:11:27 Checking for update using Github
2023-01-15 07:11:27 Success.
2023-01-15 07:11:27 Latest version is 1.1.9
2023-01-15 07:11:27 App is up to date.
2023-01-15 08:11:26 Checking for update using Github
2023-01-15 08:11:26 Success.
2023-01-15 08:11:26 Latest version is 1.1.9
2023-01-15 08:11:26 App is up to date.
2023-01-16 03:58:45 Loading updated app package /home/jbc/.config/obsidian/obsidian-1.1.9.asar
2023-01-16 03:58:45 Checking for update using Github
2023-01-16 03:58:46 Success.
2023-01-16 03:58:46 Latest version is 1.1.9
2023-01-16 03:58:46 App is up to date.
2023-01-20 14:54:14 Loading updated app package /home/jbc/.config/obsidian/obsidian-1.1.9.asar
2023-01-20 14:54:15 Checking for update using Github
2023-01-20 14:54:15 Success.
2023-01-20 14:54:15 Latest version is 1.1.9
2023-01-20 14:54:15 App is up to date.
2023-01-20 15:54:14 Checking for update using Github
2023-01-20 15:54:15 Success.
2023-01-20 15:54:15 Latest version is 1.1.9
2023-01-20 15:54:15 App is up to date.
2023-01-20 20:52:06 Checking for update using Github
2023-01-20 20:52:07 Success.
2023-01-20 20:52:07 Latest version is 1.1.9
2023-01-20 20:52:07 App is up to date.
2023-01-20 21:52:07 Checking for update using Github
2023-01-20 21:52:07 Success.
2023-01-20 21:52:07 Latest version is 1.1.9
2023-01-20 21:52:07 App is up to date.
2023-01-20 22:52:07 Checking for update using Github
2023-01-20 22:52:07 Success.
2023-01-20 22:52:07 Latest version is 1.1.9
2023-01-20 22:52:07 App is up to date.
2023-01-26 23:20:08 Loading updated app package /home/jbc/.config/obsidian/obsidian-1.1.9.asar
2023-01-26 23:20:09 Checking for update using Github
2023-01-26 23:20:09 Success.
2023-01-26 23:20:09 Latest version is 1.1.9
2023-01-26 23:20:09 App is up to date.
2023-01-28 08:04:12 Loading updated app package /home/jbc/.config/obsidian/obsidian-1.1.9.asar
2023-01-28 08:04:13 Checking for update using Github
2023-01-28 08:04:13 Success.
2023-01-28 08:04:13 Latest version is 1.1.9
2023-01-28 08:04:13 App is up to date.
2023-01-30 16:02:34 Loading updated app package /home/jbc/.config/obsidian/obsidian-1.1.9.asar
2023-01-30 16:02:34 Checking for update using Github
2023-01-30 16:02:34 Success.
2023-01-30 16:02:34 Latest version is 1.1.9
2023-01-30 16:02:34 App is up to date.
2023-02-03 03:55:17 Loading updated app package /home/jbc/.config/obsidian/obsidian-1.1.9.asar
2023-02-03 03:55:18 Checking for update using Github
2023-02-03 03:55:18 Success.
2023-02-03 03:55:18 Latest version is 1.1.9
2023-02-03 03:55:18 App is up to date.
2023-02-03 06:02:46 Loading updated app package /home/jbc/.config/obsidian/obsidian-1.1.9.asar
2023-02-03 06:02:47 Checking for update using Github
2023-02-03 06:02:47 Success.
2023-02-03 06:02:47 Latest version is 1.1.9
2023-02-03 06:02:47 App is up to date.
2023-02-03 07:02:47 Checking for update using Github
2023-02-03 07:02:47 Success.
2023-02-03 07:02:47 Latest version is 1.1.9
2023-02-03 07:02:47 App is up to date.
2023-02-03 17:45:46 Checking for update using Github
2023-02-03 17:45:46 Success.
2023-02-03 17:45:46 Latest version is 1.1.9
2023-02-03 17:45:46 App is up to date.
2023-02-03 18:45:45 Checking for update using Github
2023-02-03 18:45:45 Success.
2023-02-03 18:45:45 Latest version is 1.1.9
2023-02-03 18:45:45 App is up to date.
2023-02-03 19:20:09 Loading updated app package /home/jbc/.config/obsidian/obsidian-1.1.9.asar
2023-02-03 19:20:09 Checking for update using Github
2023-02-03 19:20:09 Success.
2023-02-03 19:20:09 Latest version is 1.1.9
2023-02-03 19:20:09 App is up to date.
2023-02-03 20:20:09 Checking for update using Github
2023-02-03 20:20:09 Success.
2023-02-03 20:20:09 Latest version is 1.1.9
2023-02-03 20:20:09 App is up to date.
2023-02-07 09:01:48 Loading updated app package /home/jbc/.config/obsidian/obsidian-1.1.9.asar
2023-02-07 09:01:48 Checking for update using Github
2023-02-07 09:01:49 Success.
2023-02-07 09:01:49 Latest version is 1.1.9
2023-02-07 09:01:49 App is up to date.
2023-02-07 10:01:48 Checking for update using Github
2023-02-07 10:01:48 Success.
2023-02-07 10:01:48 Latest version is 1.1.9
2023-02-07 10:01:48 App is up to date.
2023-02-07 11:01:48 Checking for update using Github
2023-02-07 11:01:48 Success.
2023-02-07 11:01:48 Latest version is 1.1.9
2023-02-07 11:01:48 App is up to date.
2023-02-07 12:01:48 Checking for update using Github
2023-02-07 12:01:48 Success.
2023-02-07 12:01:48 Latest version is 1.1.9
2023-02-07 12:01:48 App is up to date.
2023-02-10 16:12:27 Loading updated app package /home/jbc/.config/obsidian/obsidian-1.1.9.asar
2023-02-10 16:12:28 Checking for update using Github
2023-02-10 16:12:28 Success.
2023-02-10 16:12:28 Latest version is 1.1.9
2023-02-10 16:12:28 App is up to date.
2023-02-10 17:12:27 Checking for update using Github
2023-02-10 17:12:27 Success.
2023-02-10 17:12:27 Latest version is 1.1.9
2023-02-10 17:12:27 App is up to date.
2023-02-13 09:31:07 Loading updated app package /home/jbc/.config/obsidian/obsidian-1.1.9.asar
2023-02-13 09:31:07 Checking for update using Github
2023-02-13 09:31:08 Success.
2023-02-13 09:31:08 Latest version is 1.1.9
2023-02-13 09:31:08 App is up to date.
2023-02-13 10:31:07 Checking for update using Github
2023-02-13 10:31:07 Success.
2023-02-13 10:31:07 Latest version is 1.1.9
2023-02-13 10:31:07 App is up to date.
2023-02-13 11:31:07 Checking for update using Github
2023-02-13 11:31:07 Success.
2023-02-13 11:31:07 Latest version is 1.1.9
2023-02-13 11:31:07 App is up to date.
2023-02-13 12:31:07 Checking for update using Github
2023-02-13 12:31:07 Success.
2023-02-13 12:31:07 Latest version is 1.1.9
2023-02-13 12:31:07 App is up to date.
2023-02-13 13:31:07 Checking for update using Github
2023-02-13 13:31:07 Success.
2023-02-13 13:31:07 Latest version is 1.1.9
2023-02-13 13:31:07 App is up to date.
2023-02-13 14:31:07 Checking for update using Github
2023-02-13 14:31:07 Success.
2023-02-13 14:31:07 Latest version is 1.1.9
2023-02-13 14:31:07 App is up to date.
2023-02-13 15:31:07 Checking for update using Github
2023-02-13 15:31:07 Success.
2023-02-13 15:31:07 Latest version is 1.1.9
2023-02-13 15:31:07 App is up to date.
2023-02-13 16:31:07 Checking for update using Github
2023-02-13 16:31:08 Success.
2023-02-13 16:31:08 Latest version is 1.1.9
2023-02-13 16:31:08 App is up to date.
2023-02-13 17:31:08 Checking for update using Github
2023-02-13 17:31:08 Success.
2023-02-13 17:31:08 Latest version is 1.1.9
2023-02-13 17:31:08 App is up to date.
2023-02-13 20:00:01 Loading updated app package /home/jbc/.config/obsidian/obsidian-1.1.9.asar
2023-02-13 20:00:01 Checking for update using Github
2023-02-13 20:00:01 Success.
2023-02-13 20:00:01 Latest version is 1.1.9
2023-02-13 20:00:01 App is up to date.
2023-02-21 04:58:35 Loading updated app package /home/jbc/.config/obsidian/obsidian-1.1.9.asar
2023-02-21 04:58:35 Checking for update using Github
2023-02-21 04:58:35 Success.
2023-02-21 04:58:35 Latest version is 1.1.9
2023-02-21 04:58:35 App is up to date.
2023-05-17 20:26:29 Loading updated app package /home/jbc/.config/obsidian/obsidian-1.1.9.asar
2023-05-17 20:26:29 Checking for update using Github
2023-05-17 20:26:30 Success.
2023-05-17 20:26:30 Latest version is 1.2.8
2023-05-17 20:26:30 Downloading update from https://github.com/obsidianmd/obsidian-releases/releases/download/v1.2.8/obsidian-1.2.8.asar.gz
2023-05-17 20:26:31 Verifying hash & signature. Size= 6033374
2023-05-17 20:26:31 Saving file
2023-05-17 20:26:31 Update complete.
2023-05-18 21:58:37 Loading main app package /nix/store/09wm076wxckwq8q1vgbw9mdw0pjn9ln3-obsidian-1.2.8/share/obsidian/obsidian.asar
2023-05-18 21:58:37 Checking for update using Github
2023-05-18 21:58:37 Success.
2023-05-18 21:58:37 Latest version is 1.2.8
2023-05-18 21:58:37 App is up to date.
2023-05-27 06:43:12 Loading updated app package /home/jbc/.config/obsidian/obsidian-1.2.8.asar
2023-05-27 06:43:12 Checking for update using Github
2023-05-27 06:43:12 Success.
2023-05-27 06:43:12 Latest version is 1.3.4
2023-05-27 06:43:12 Downloading update from https://github.com/obsidianmd/obsidian-releases/releases/download/v1.3.4/obsidian-1.3.4.asar.gz
2023-05-27 06:43:13 Verifying hash & signature. Size= 7579467
2023-05-27 06:43:13 Saving file
2023-05-27 06:43:13 Update complete.
2023-05-27 06:47:55 Loading updated app package /home/jbc/.config/obsidian/obsidian-1.3.4.asar
2023-05-27 06:48:00 Checking for update using Github
2023-05-27 06:48:00 Success.
2023-05-27 06:48:00 Latest version is 1.3.4
2023-05-27 06:48:00 App is up to date.
2023-05-27 07:47:55 Checking for update using Github
2023-05-27 07:47:55 Success.
2023-05-27 07:47:55 Latest version is 1.3.4
2023-05-27 07:47:55 App is up to date.
2023-05-27 08:47:55 Checking for update using Github
2023-05-27 08:47:55 Success.
2023-05-27 08:47:55 Latest version is 1.3.4
2023-05-27 08:47:55 App is up to date.
2023-05-27 20:42:11 Loading updated app package /home/jbc/.config/obsidian/obsidian-1.3.4.asar
2023-05-27 20:42:11 Checking for update using Github
2023-05-27 20:42:12 Success.
2023-05-27 20:42:12 Latest version is 1.3.4
2023-05-27 20:42:12 App is up to date.
2023-06-04 14:11:15 Loading updated app package /home/jbc/.config/obsidian/obsidian-1.3.4.asar
2023-06-04 14:11:19 Checking for update using Github
2023-06-04 14:11:19 Success.
2023-06-04 14:11:19 Latest version is 1.3.5
2023-06-04 14:11:19 Downloading update from https://github.com/obsidianmd/obsidian-releases/releases/download/v1.3.5/obsidian-1.3.5.asar.gz
2023-06-04 14:11:20 Verifying hash & signature. Size= 7610287
2023-06-04 14:11:20 Saving file
2023-06-04 14:11:20 Update complete.
2023-06-06 01:06:36 Loading updated app package /home/jbc/.config/obsidian/obsidian-1.3.5.asar
2023-06-06 01:06:37 Checking for update using Github
2023-06-06 01:06:37 Success.
2023-06-06 01:06:37 Latest version is 1.3.5
2023-06-06 01:06:37 App is up to date.
2023-06-06 01:07:25 Loading updated app package /home/jbc/.config/obsidian/obsidian-1.3.5.asar
2023-06-06 01:07:25 Checking for update using Github
2023-06-06 01:07:25 Success.
2023-06-06 01:07:25 Latest version is 1.3.5
2023-06-06 01:07:25 App is up to date.
2023-06-06 01:15:13 Loading updated app package /home/jbc/.config/obsidian/obsidian-1.3.5.asar
2023-06-06 01:15:14 Checking for update using Github
2023-06-06 01:15:14 Success.
2023-06-06 01:15:14 Latest version is 1.3.5
2023-06-06 01:15:14 App is up to date.
2023-06-06 01:19:35 Loading updated app package /home/jbc/.config/obsidian/obsidian-1.3.5.asar
2023-06-06 01:19:35 Checking for update using Github
2023-06-06 01:19:35 Success.
2023-06-06 01:19:35 Latest version is 1.3.5
2023-06-06 01:19:35 App is up to date.
2023-06-06 01:20:13 Loading updated app package /home/jbc/.config/obsidian/obsidian-1.3.5.asar
2023-06-06 01:20:13 Checking for update using Github
2023-06-06 01:20:13 Success.
2023-06-06 01:20:13 Latest version is 1.3.5
2023-06-06 01:20:13 App is up to date.
2023-06-06 01:27:02 Loading updated app package /home/jbc/.config/obsidian/obsidian-1.3.5.asar
2023-06-06 01:27:02 Checking for update using Github
2023-06-06 01:27:16 Loading updated app package /home/jbc/.config/obsidian/obsidian-1.3.5.asar
2023-06-06 01:27:16 Checking for update using Github
2023-06-06 01:27:17 Success.
2023-06-06 01:27:17 Latest version is 1.3.5
2023-06-06 01:27:17 App is up to date.
2023-06-06 01:28:54 Loading updated app package /home/jbc/.config/obsidian/obsidian-1.3.5.asar
2023-06-06 01:28:55 Checking for update using Github
2023-06-06 01:29:24 Loading updated app package /home/jbc/.config/obsidian/obsidian-1.3.5.asar
2023-06-06 01:29:24 Checking for update using Github
2023-06-06 01:30:41 Loading updated app package /home/jbc/.config/obsidian/obsidian-1.3.5.asar
2023-06-06 01:30:41 Checking for update using Github
2023-06-06 01:30:41 Success.
2023-06-06 01:30:41 Latest version is 1.3.5
2023-06-06 01:30:41 App is up to date.
2023-06-06 01:49:36 Loading updated app package /home/jbc/.config/obsidian/obsidian-1.3.5.asar
2023-06-06 01:49:36 Checking for update using Github
2023-06-06 01:49:36 Success.
2023-06-06 01:49:36 Latest version is 1.3.5
2023-06-06 01:49:36 App is up to date.
2023-06-06 02:49:36 Checking for update using Github
2023-06-06 02:49:36 Success.
2023-06-06 02:49:36 Latest version is 1.3.5
2023-06-06 02:49:36 App is up to date.
2023-06-10 04:36:22 Loading main app package /nix/store/xwk1pmqprydl4wqhc4a8cfblx46w7qkv-obsidian-1.3.5/share/obsidian/obsidian.asar
2023-06-10 04:36:22 Checking for update using Github
2023-06-10 04:36:22 Success.
2023-06-10 04:36:22 Latest version is 1.3.5
2023-06-10 04:36:22 App is up to date.
2023-06-10 04:46:17 Loading main app package /nix/store/xwk1pmqprydl4wqhc4a8cfblx46w7qkv-obsidian-1.3.5/share/obsidian/obsidian.asar
2023-06-10 04:46:17 Checking for update using Github
2023-06-10 04:46:18 Success.
2023-06-10 04:46:18 Latest version is 1.3.5
2023-06-10 04:46:18 App is up to date.
2023-06-10 05:46:17 Checking for update using Github
2023-06-10 05:46:17 Success.
2023-06-10 05:46:17 Latest version is 1.3.5
2023-06-10 05:46:17 App is up to date.
2023-06-10 06:46:17 Checking for update using Github
2023-06-10 06:46:17 Success.
2023-06-10 06:46:17 Latest version is 1.3.5
2023-06-10 06:46:17 App is up to date.
2023-06-10 07:46:17 Checking for update using Github
2023-06-10 07:46:17 Success.
2023-06-10 07:46:17 Latest version is 1.3.5
2023-06-10 07:46:17 App is up to date.
2023-06-10 15:35:04 Checking for update using Github
2023-06-10 15:35:04 Success.
2023-06-10 15:35:04 Latest version is 1.3.5
2023-06-10 15:35:04 App is up to date.
2023-06-10 16:35:04 Checking for update using Github
2023-06-10 16:35:04 Success.
2023-06-10 16:35:04 Latest version is 1.3.5
2023-06-10 16:35:04 App is up to date.
2023-06-10 17:35:04 Checking for update using Github
2023-06-10 17:35:04 Success.
2023-06-10 17:35:04 Latest version is 1.3.5
2023-06-10 17:35:04 App is up to date.
2023-06-17 19:13:15 Loading main app package /nix/store/xwk1pmqprydl4wqhc4a8cfblx46w7qkv-obsidian-1.3.5/share/obsidian/obsidian.asar
2023-06-17 19:13:15 Checking for update using Github
2023-06-17 19:13:16 Success.
2023-06-17 19:13:16 Latest version is 1.3.5
2023-06-17 19:13:16 App is up to date.
2023-06-23 15:50:24 Loading main app package /nix/store/8p9w8m26rp61lncifzhngz5l73ikr1gm-obsidian-1.3.5/share/obsidian/obsidian.asar
2023-06-23 15:50:24 Checking for update using Github
2023-06-23 15:50:24 Success.
2023-06-23 15:50:24 Latest version is 1.3.5
2023-06-23 15:50:24 App is up to date.
2023-07-01 13:05:52 Loading main app package /nix/store/8p9w8m26rp61lncifzhngz5l73ikr1gm-obsidian-1.3.5/share/obsidian/obsidian.asar
2023-07-01 13:05:53 Checking for update using Github
2023-07-01 13:05:53 Success.
2023-07-01 13:05:53 Latest version is 1.3.5
2023-07-01 13:05:53 App is up to date.
2023-07-01 22:20:17 Checking for update using Github
2023-07-01 22:20:18 Success.
2023-07-01 22:20:18 Latest version is 1.3.5
2023-07-01 22:20:18 App is up to date.
2023-07-01 23:20:16 Checking for update using Github
2023-07-01 23:20:16 Success.
2023-07-01 23:20:16 Latest version is 1.3.5
2023-07-01 23:20:16 App is up to date.
2023-07-02 00:20:16 Checking for update using Github
2023-07-02 00:20:16 Success.
2023-07-02 00:20:16 Latest version is 1.3.5
2023-07-02 00:20:16 App is up to date.
2023-07-02 15:44:38 Loading main app package /nix/store/8p9w8m26rp61lncifzhngz5l73ikr1gm-obsidian-1.3.5/share/obsidian/obsidian.asar
2023-07-02 15:44:38 Checking for update using Github
2023-07-02 15:44:38 Success.
2023-07-02 15:44:38 Latest version is 1.3.5
2023-07-02 15:44:38 App is up to date.
2023-07-02 15:55:39 Loading main app package /nix/store/8p9w8m26rp61lncifzhngz5l73ikr1gm-obsidian-1.3.5/share/obsidian/obsidian.asar
2023-07-02 15:55:40 Checking for update using Github
2023-07-02 15:55:40 Success.
2023-07-02 15:55:40 Latest version is 1.3.5
2023-07-02 15:55:40 App is up to date.
2023-07-02 17:35:43 Loading main app package /nix/store/8p9w8m26rp61lncifzhngz5l73ikr1gm-obsidian-1.3.5/share/obsidian/obsidian.asar
2023-07-02 17:35:43 Checking for update using Github
2023-07-02 17:35:43 Success.
2023-07-02 17:35:43 Latest version is 1.3.5
2023-07-02 17:35:43 App is up to date.
2023-07-03 02:33:21 Checking for update using Github
2023-07-03 02:33:21 Success.
2023-07-03 02:33:21 Latest version is 1.3.5
2023-07-03 02:33:21 App is up to date.
2023-07-03 03:33:21 Checking for update using Github
2023-07-03 03:33:21 Success.
2023-07-03 03:33:21 Latest version is 1.3.5
2023-07-03 03:33:21 App is up to date.
2023-07-03 04:33:21 Checking for update using Github
2023-07-03 04:33:21 Success.
2023-07-03 04:33:21 Latest version is 1.3.5
2023-07-03 04:33:21 App is up to date.
2023-07-03 05:33:21 Checking for update using Github
2023-07-03 05:33:21 Success.
2023-07-03 05:33:21 Latest version is 1.3.5
2023-07-03 05:33:21 App is up to date.
2023-07-03 06:33:21 Checking for update using Github
2023-07-03 06:33:21 Success.
2023-07-03 06:33:21 Latest version is 1.3.5
2023-07-03 06:33:21 App is up to date.
2023-07-03 07:33:21 Checking for update using Github
2023-07-03 07:33:21 Success.
2023-07-03 07:33:21 Latest version is 1.3.5
2023-07-03 07:33:21 App is up to date.
2023-07-03 08:33:21 Checking for update using Github
2023-07-03 08:33:22 Success.
2023-07-03 08:33:22 Latest version is 1.3.5
2023-07-03 08:33:22 App is up to date.
2023-07-03 09:33:22 Checking for update using Github
2023-07-03 09:33:22 Success.
2023-07-03 09:33:22 Latest version is 1.3.5
2023-07-03 09:33:22 App is up to date.
2023-07-03 10:33:22 Checking for update using Github
2023-07-03 10:33:22 Success.
2023-07-03 10:33:22 Latest version is 1.3.5
2023-07-03 10:33:22 App is up to date.
2023-07-03 11:33:22 Checking for update using Github
2023-07-03 11:33:22 Success.
2023-07-03 11:33:22 Latest version is 1.3.5
2023-07-03 11:33:22 App is up to date.
2023-07-03 12:33:22 Checking for update using Github
2023-07-03 12:33:22 Success.
2023-07-03 12:33:22 Latest version is 1.3.5
2023-07-03 12:33:22 App is up to date.
2023-07-03 13:33:22 Checking for update using Github
2023-07-03 13:33:22 Success.
2023-07-03 13:33:22 Latest version is 1.3.5
2023-07-03 13:33:22 App is up to date.
2023-07-03 14:33:22 Checking for update using Github
2023-07-03 14:33:22 Success.
2023-07-03 14:33:22 Latest version is 1.3.5
2023-07-03 14:33:22 App is up to date.
2023-07-03 15:33:22 Checking for update using Github
2023-07-03 15:33:22 Success.
2023-07-03 15:33:22 Latest version is 1.3.5
2023-07-03 15:33:22 App is up to date.
2023-07-03 16:33:22 Checking for update using Github
2023-07-03 16:33:22 Success.
2023-07-03 16:33:22 Latest version is 1.3.5
2023-07-03 16:33:22 App is up to date.
2023-07-03 19:52:46 Checking for update using Github
2023-07-03 19:52:47 Success.
2023-07-03 19:52:47 Latest version is 1.3.5
2023-07-03 19:52:47 App is up to date.
2023-07-03 20:52:46 Checking for update using Github
2023-07-03 20:52:47 Success.
2023-07-03 20:52:47 Latest version is 1.3.5
2023-07-03 20:52:47 App is up to date.
2023-07-03 21:52:47 Checking for update using Github
2023-07-03 21:52:47 Success.
2023-07-03 21:52:47 Latest version is 1.3.5
2023-07-03 21:52:47 App is up to date.
2023-07-04 06:37:04 Loading main app package /nix/store/8p9w8m26rp61lncifzhngz5l73ikr1gm-obsidian-1.3.5/share/obsidian/obsidian.asar
2023-07-04 06:37:04 Checking for update using Github
2023-07-04 06:37:04 Success.
2023-07-04 06:37:04 Latest version is 1.3.5
2023-07-04 06:37:04 App is up to date.
2023-07-04 11:33:13 Loading main app package /nix/store/8p9w8m26rp61lncifzhngz5l73ikr1gm-obsidian-1.3.5/share/obsidian/obsidian.asar
2023-07-04 11:33:14 Checking for update using Github
2023-07-04 11:33:14 Success.
2023-07-04 11:33:14 Latest version is 1.3.5
2023-07-04 11:33:14 App is up to date.
2023-07-04 12:33:13 Checking for update using Github
2023-07-04 12:33:13 Success.
2023-07-04 12:33:13 Latest version is 1.3.5
2023-07-04 12:33:13 App is up to date.
2023-07-05 06:14:23 Checking for update using Github
2023-07-05 06:14:23 Success.
2023-07-05 06:14:23 Latest version is 1.3.5
2023-07-05 06:14:23 App is up to date.
2023-07-05 07:14:21 Checking for update using Github
2023-07-05 07:14:21 Success.
2023-07-05 07:14:21 Latest version is 1.3.5
2023-07-05 07:14:21 App is up to date.
2023-07-05 08:14:21 Checking for update using Github
2023-07-05 08:14:21 Success.
2023-07-05 08:14:21 Latest version is 1.3.5
2023-07-05 08:14:21 App is up to date.
2023-07-05 14:42:45 Checking for update using Github
2023-07-05 14:42:45 Success.
2023-07-05 14:42:45 Latest version is 1.3.5
2023-07-05 14:42:45 App is up to date.
2023-07-05 15:42:45 Checking for update using Github
2023-07-05 15:42:45 Success.
2023-07-05 15:42:45 Latest version is 1.3.5
2023-07-05 15:42:45 App is up to date.
2023-07-08 21:01:47 Loading main app package /nix/store/vc5nayhmbqqhj10zv9pzdxsk309a2zs9-obsidian-1.3.5/share/obsidian/obsidian.asar
2023-07-08 21:01:47 Checking for update using Github
2023-07-08 21:01:48 Success.
2023-07-08 21:01:48 Latest version is 1.3.5
2023-07-08 21:01:48 App is up to date.
2023-07-09 07:31:43 Loading main app package /nix/store/vc5nayhmbqqhj10zv9pzdxsk309a2zs9-obsidian-1.3.5/share/obsidian/obsidian.asar
2023-07-09 07:31:44 Checking for update using Github
2023-07-09 07:31:44 Success.
2023-07-09 07:31:44 Latest version is 1.3.5
2023-07-09 07:31:44 App is up to date.
2023-07-12 13:14:52 Loading main app package /nix/store/vc5nayhmbqqhj10zv9pzdxsk309a2zs9-obsidian-1.3.5/share/obsidian/obsidian.asar
2023-07-12 13:14:52 Checking for update using Github
2023-07-12 13:14:52 Success.
2023-07-12 13:14:52 Latest version is 1.3.5
2023-07-12 13:14:52 App is up to date.
2023-07-12 15:30:57 Loading main app package /nix/store/vc5nayhmbqqhj10zv9pzdxsk309a2zs9-obsidian-1.3.5/share/obsidian/obsidian.asar
2023-07-12 15:30:57 Checking for update using Github
2023-07-12 15:30:58 Success.
2023-07-12 15:30:58 Latest version is 1.3.5
2023-07-12 15:30:58 App is up to date.
2023-07-12 16:30:57 Checking for update using Github
2023-07-12 16:30:57 Success.
2023-07-12 16:30:57 Latest version is 1.3.5
2023-07-12 16:30:57 App is up to date.
2023-07-19 20:55:58 Loading main app package /nix/store/vc5nayhmbqqhj10zv9pzdxsk309a2zs9-obsidian-1.3.5/share/obsidian/obsidian.asar
2023-07-19 20:55:59 Checking for update using Github
2023-07-19 20:55:59 Success.
2023-07-19 20:55:59 Latest version is 1.3.5
2023-07-19 20:55:59 App is up to date.
2023-07-20 04:30:16 Loading main app package /nix/store/vc5nayhmbqqhj10zv9pzdxsk309a2zs9-obsidian-1.3.5/share/obsidian/obsidian.asar
2023-07-20 04:30:16 Checking for update using Github
2023-07-20 04:30:17 Success.
2023-07-20 04:30:17 Latest version is 1.3.5
2023-07-20 04:30:17 App is up to date.
2023-07-20 05:30:16 Checking for update using Github
2023-07-20 05:30:16 Success.
2023-07-20 05:30:16 Latest version is 1.3.5
2023-07-20 05:30:16 App is up to date.
2023-07-20 06:30:16 Checking for update using Github
2023-07-20 06:30:16 Success.
2023-07-20 06:30:16 Latest version is 1.3.5
2023-07-20 06:30:16 App is up to date.
2023-07-22 08:37:28 Loading main app package /nix/store/vc5nayhmbqqhj10zv9pzdxsk309a2zs9-obsidian-1.3.5/share/obsidian/obsidian.asar
2023-07-22 08:37:28 Checking for update using Github
2023-07-22 08:37:28 Success.
2023-07-22 08:37:28 Latest version is 1.3.5
2023-07-22 08:37:28 App is up to date.
2023-07-22 21:14:08 Loading main app package /nix/store/vc5nayhmbqqhj10zv9pzdxsk309a2zs9-obsidian-1.3.5/share/obsidian/obsidian.asar
2023-07-22 21:14:08 Checking for update using Github
2023-07-22 21:14:08 Success.
2023-07-22 21:14:08 Latest version is 1.3.5
2023-07-22 21:14:08 App is up to date.
2023-07-22 21:25:11 Loading main app package /nix/store/vc5nayhmbqqhj10zv9pzdxsk309a2zs9-obsidian-1.3.5/share/obsidian/obsidian.asar
2023-07-22 21:25:11 Checking for update using Github
2023-07-22 21:25:11 Success.
2023-07-22 21:25:11 Latest version is 1.3.5
2023-07-22 21:25:11 App is up to date.
2023-07-23 05:49:59 Loading main app package /nix/store/vc5nayhmbqqhj10zv9pzdxsk309a2zs9-obsidian-1.3.5/share/obsidian/obsidian.asar
2023-07-23 05:49:59 Checking for update using Github
2023-07-23 05:49:59 Success.
2023-07-23 05:49:59 Latest version is 1.3.5
2023-07-23 05:49:59 App is up to date.
2023-07-25 10:53:11 Loading main app package /nix/store/vc5nayhmbqqhj10zv9pzdxsk309a2zs9-obsidian-1.3.5/share/obsidian/obsidian.asar
2023-07-25 10:53:11 Checking for update using Github
2023-07-25 10:53:11 Success.
2023-07-25 10:53:11 Latest version is 1.3.5
2023-07-25 10:53:11 App is up to date.
2023-07-25 11:53:09 Checking for update using Github
2023-07-25 11:53:09 Success.
2023-07-25 11:53:09 Latest version is 1.3.5
2023-07-25 11:53:09 App is up to date.
2023-07-25 12:53:09 Checking for update using Github
2023-07-25 12:53:09 Success.
2023-07-25 12:53:09 Latest version is 1.3.5
2023-07-25 12:53:09 App is up to date.
2023-07-25 18:06:18 Checking for update using Github
2023-07-25 18:06:18 Success.
2023-07-25 18:06:18 Latest version is 1.3.5
2023-07-25 18:06:18 App is up to date.
2023-07-25 19:06:18 Checking for update using Github
2023-07-25 19:06:18 Success.
2023-07-25 19:06:18 Latest version is 1.3.5
2023-07-25 19:06:18 App is up to date.
2023-07-25 20:06:18 Checking for update using Github
2023-07-25 20:06:18 Success.
2023-07-25 20:06:18 Latest version is 1.3.5
2023-07-25 20:06:18 App is up to date.
2023-07-25 21:06:18 Checking for update using Github
2023-07-25 21:06:18 Success.
2023-07-25 21:06:18 Latest version is 1.3.5
2023-07-25 21:06:18 App is up to date.
2023-07-29 10:45:48 Loading main app package /nix/store/vc5nayhmbqqhj10zv9pzdxsk309a2zs9-obsidian-1.3.5/share/obsidian/obsidian.asar
2023-07-29 10:45:48 Checking for update using Github
2023-07-29 10:45:48 Success.
2023-07-29 10:45:48 Latest version is 1.3.5
2023-07-29 10:45:48 App is up to date.
2023-07-29 11:45:47 Checking for update using Github
2023-07-29 11:45:47 Success.
2023-07-29 11:45:47 Latest version is 1.3.5
2023-07-29 11:45:47 App is up to date.
2023-07-29 12:45:47 Checking for update using Github
2023-07-29 12:45:47 Success.
2023-07-29 12:45:47 Latest version is 1.3.5
2023-07-29 12:45:47 App is up to date.
2023-07-29 13:45:47 Checking for update using Github
2023-07-29 13:45:47 Success.
2023-07-29 13:45:47 Latest version is 1.3.5
2023-07-29 13:45:47 App is up to date.
2023-07-29 14:45:47 Checking for update using Github
2023-07-29 14:45:47 Success.
2023-07-29 14:45:47 Latest version is 1.3.5
2023-07-29 14:45:47 App is up to date.
2023-07-29 15:45:47 Checking for update using Github
2023-07-29 15:45:47 Success.
2023-07-29 15:45:47 Latest version is 1.3.5
2023-07-29 15:45:47 App is up to date.
2023-07-29 16:45:47 Checking for update using Github
2023-07-29 16:45:47 Success.
2023-07-29 16:45:47 Latest version is 1.3.5
2023-07-29 16:45:47 App is up to date.
2023-07-29 17:45:47 Checking for update using Github
2023-07-29 17:45:47 Success.
2023-07-29 17:45:47 Latest version is 1.3.5
2023-07-29 17:45:47 App is up to date.
2023-07-29 18:45:47 Checking for update using Github
2023-07-29 18:45:47 Success.
2023-07-29 18:45:47 Latest version is 1.3.5
2023-07-29 18:45:47 App is up to date.
2023-07-30 07:40:14 Loading main app package /nix/store/vc5nayhmbqqhj10zv9pzdxsk309a2zs9-obsidian-1.3.5/share/obsidian/obsidian.asar
2023-07-30 07:40:14 Checking for update using Github
2023-07-30 07:40:14 Success.
2023-07-30 07:40:14 Latest version is 1.3.5
2023-07-30 07:40:14 App is up to date.
2023-07-30 08:40:14 Checking for update using Github
2023-07-30 08:40:14 Success.
2023-07-30 08:40:14 Latest version is 1.3.5
2023-07-30 08:40:14 App is up to date.
2023-07-30 18:51:21 Loading main app package /nix/store/vc5nayhmbqqhj10zv9pzdxsk309a2zs9-obsidian-1.3.5/share/obsidian/obsidian.asar
2023-07-30 18:51:22 Checking for update using Github
2023-07-30 18:51:22 Success.
2023-07-30 18:51:22 Latest version is 1.3.5
2023-07-30 18:51:22 App is up to date.
2023-07-30 19:51:21 Checking for update using Github
2023-07-30 19:51:21 Success.
2023-07-30 19:51:21 Latest version is 1.3.5
2023-07-30 19:51:21 App is up to date.
2023-08-05 07:51:15 Loading main app package /nix/store/vc5nayhmbqqhj10zv9pzdxsk309a2zs9-obsidian-1.3.5/share/obsidian/obsidian.asar
2023-08-05 07:51:15 Checking for update using Github
2023-08-05 07:51:15 Success.
2023-08-05 07:51:15 Latest version is 1.3.7
2023-08-05 07:51:15 Downloading update from https://github.com/obsidianmd/obsidian-releases/releases/download/v1.3.7/obsidian-1.3.7.asar.gz
2023-08-05 07:51:58 Verifying hash & signature. Size= 7540911
2023-08-05 07:51:58 Saving file
2023-08-05 07:51:58 Update complete.
2023-08-05 08:51:11 Checking for update using Github
2023-08-05 08:51:11 Success.
2023-08-05 08:51:11 Latest version is 1.3.7
2023-08-05 08:51:11 An update is already downloaded.
2023-08-05 09:51:11 Checking for update using Github
2023-08-05 09:51:11 Success.
2023-08-05 09:51:11 Latest version is 1.3.7
2023-08-05 09:51:11 An update is already downloaded.
2023-08-05 16:43:13 Checking for update using Github
2023-08-05 16:43:13 Success.
2023-08-05 16:43:13 Latest version is 1.3.7
2023-08-05 16:43:13 An update is already downloaded.
2023-08-05 17:43:12 Checking for update using Github
2023-08-05 17:43:13 Success.
2023-08-05 17:43:13 Latest version is 1.3.7
2023-08-05 17:43:13 An update is already downloaded.
2023-08-06 10:19:04 Loading updated app package /home/jbc/.config/obsidian/obsidian-1.3.7.asar
2023-08-06 10:19:04 Checking for update using Github
2023-08-06 10:19:04 Success.
2023-08-06 10:19:04 Latest version is 1.3.7
2023-08-06 10:19:04 App is up to date.
2023-08-06 11:19:02 Checking for update using Github
2023-08-06 11:19:02 Success.
2023-08-06 11:19:02 Latest version is 1.3.7
2023-08-06 11:19:02 App is up to date.
2023-08-06 12:19:02 Checking for update using Github
2023-08-06 12:19:02 Success.
2023-08-06 12:19:02 Latest version is 1.3.7
2023-08-06 12:19:02 App is up to date.
2023-08-06 13:19:02 Checking for update using Github
2023-08-06 13:19:02 Success.
2023-08-06 13:19:02 Latest version is 1.3.7
2023-08-06 13:19:02 App is up to date.
2023-08-07 14:56:57 Checking for update using Github
2023-08-07 14:56:57 Success.
2023-08-07 14:56:57 Latest version is 1.3.7
2023-08-07 14:56:57 App is up to date.
2023-08-07 15:56:54 Checking for update using Github
2023-08-07 15:56:54 Success.
2023-08-07 15:56:54 Latest version is 1.3.7
2023-08-07 15:56:54 App is up to date.
2023-08-20 18:28:15 Loading updated app package /home/jbc/.config/obsidian/obsidian-1.3.7.asar
2023-08-20 18:28:15 Checking for update using Github
2023-08-20 18:28:15 Success.
2023-08-20 18:28:15 Latest version is 1.3.7
2023-08-20 18:28:15 App is up to date.
2023-08-26 05:55:42 Loading updated app package /home/jbc/.config/obsidian/obsidian-1.3.7.asar
2023-08-26 05:55:42 Checking for update using Github
2023-08-26 05:55:42 Success.
2023-08-26 05:55:42 Latest version is 1.3.7
2023-08-26 05:55:42 App is up to date.
2023-08-26 06:55:42 Checking for update using Github
2023-08-26 06:55:42 Success.
2023-08-26 06:55:42 Latest version is 1.3.7
2023-08-26 06:55:42 App is up to date.
2023-08-26 07:55:42 Checking for update using Github
2023-08-26 07:55:42 Success.
2023-08-26 07:55:42 Latest version is 1.3.7
2023-08-26 07:55:42 App is up to date.
2023-08-26 08:55:42 Checking for update using Github
2023-08-26 08:55:42 Success.
2023-08-26 08:55:42 Latest version is 1.3.7
2023-08-26 08:55:42 App is up to date.
2023-08-26 09:55:42 Checking for update using Github
2023-08-26 09:55:42 Success.
2023-08-26 09:55:42 Latest version is 1.3.7
2023-08-26 09:55:42 App is up to date.
2023-08-26 10:55:42 Checking for update using Github
2023-08-26 10:55:42 Success.
2023-08-26 10:55:42 Latest version is 1.3.7
2023-08-26 10:55:42 App is up to date.
2023-08-26 11:55:42 Checking for update using Github
2023-08-26 11:55:42 Success.
2023-08-26 11:55:42 Latest version is 1.3.7
2023-08-26 11:55:42 App is up to date.
2023-08-26 12:55:42 Checking for update using Github
2023-08-26 12:55:42 Success.
2023-08-26 12:55:42 Latest version is 1.3.7
2023-08-26 12:55:42 App is up to date.
2023-08-26 13:55:42 Checking for update using Github
2023-08-26 13:55:42 Success.
2023-08-26 13:55:42 Latest version is 1.3.7
2023-08-26 13:55:42 App is up to date.
2023-08-26 14:55:42 Checking for update using Github
2023-08-26 14:55:42 Success.
2023-08-26 14:55:42 Latest version is 1.3.7
2023-08-26 14:55:42 App is up to date.
2023-08-26 15:55:42 Checking for update using Github
2023-08-26 15:55:43 Success.
2023-08-26 15:55:43 Latest version is 1.3.7
2023-08-26 15:55:43 App is up to date.
2023-08-26 16:55:42 Checking for update using Github
2023-08-26 16:55:43 Success.
2023-08-26 16:55:43 Latest version is 1.3.7
2023-08-26 16:55:43 App is up to date.
2023-08-26 17:55:43 Checking for update using Github
2023-08-26 17:55:43 Success.
2023-08-26 17:55:43 Latest version is 1.3.7
2023-08-26 17:55:43 App is up to date.
2023-08-26 18:55:43 Checking for update using Github
2023-08-26 18:55:43 Success.
2023-08-26 18:55:43 Latest version is 1.3.7
2023-08-26 18:55:43 App is up to date.
2023-08-26 19:55:43 Checking for update using Github
2023-08-26 19:55:43 Success.
2023-08-26 19:55:43 Latest version is 1.3.7
2023-08-26 19:55:43 App is up to date.
2023-08-26 20:55:43 Checking for update using Github
2023-08-26 20:55:43 Success.
2023-08-26 20:55:43 Latest version is 1.3.7
2023-08-26 20:55:43 App is up to date.
2023-08-26 21:55:43 Checking for update using Github
2023-08-26 21:55:43 Success.
2023-08-26 21:55:43 Latest version is 1.3.7
2023-08-26 21:55:43 App is up to date.
2023-08-27 08:47:22 Checking for update using Github
2023-08-27 08:47:22 Success.
2023-08-27 08:47:22 Latest version is 1.3.7
2023-08-27 08:47:22 App is up to date.
2023-08-27 16:47:47 Checking for update using Github
2023-08-27 16:47:47 Success.
2023-08-27 16:47:47 Latest version is 1.3.7
2023-08-27 16:47:47 App is up to date.
2023-09-01 15:14:21 Loading updated app package /home/jbc/.config/obsidian/obsidian-1.3.7.asar
2023-09-01 15:14:21 Checking for update using Github
2023-09-01 15:14:22 Success.
2023-09-01 15:14:22 Latest version is 1.4.5
2023-09-01 15:14:22 Downloading update from https://github.com/obsidianmd/obsidian-releases/releases/download/v1.4.5/obsidian-1.4.5.asar.gz
2023-09-01 15:14:22 Verifying hash & signature. Size= 8267902
2023-09-01 15:14:22 Saving file
2023-09-01 15:14:22 Update complete.
2023-09-01 16:14:21 Checking for update using Github
2023-09-01 16:14:21 Success.
2023-09-01 16:14:21 Latest version is 1.4.5
2023-09-01 16:14:21 An update is already downloaded.
2023-09-01 17:14:21 Checking for update using Github
2023-09-01 17:14:21 Success.
2023-09-01 17:14:21 Latest version is 1.4.5
2023-09-01 17:14:21 An update is already downloaded.
2023-09-02 18:38:06 Checking for update using Github
2023-09-02 18:38:06 Success.
2023-09-02 18:38:06 Latest version is 1.4.5
2023-09-02 18:38:06 An update is already downloaded.
2023-09-02 19:38:06 Checking for update using Github
2023-09-02 19:38:06 Success.
2023-09-02 19:38:06 Latest version is 1.4.5
2023-09-02 19:38:06 An update is already downloaded.
2023-09-03 16:11:23 Loading updated app package /home/jbc/.config/obsidian/obsidian-1.4.5.asar
2023-09-03 16:11:24 Checking for update using Github
2023-09-03 16:11:24 Success.
2023-09-03 16:11:24 Latest version is 1.4.5
2023-09-03 16:11:24 App is up to date.
2023-09-03 17:11:23 Checking for update using Github
2023-09-03 17:11:24 Success.
2023-09-03 17:11:24 Latest version is 1.4.5
2023-09-03 17:11:24 App is up to date.
2023-09-04 06:09:59 Checking for update using Github
2023-09-04 06:09:59 Success.
2023-09-04 06:09:59 Latest version is 1.4.5
2023-09-04 06:09:59 App is up to date.
2023-09-04 07:09:59 Checking for update using Github
2023-09-04 07:09:59 Success.
2023-09-04 07:09:59 Latest version is 1.4.5
2023-09-04 07:09:59 App is up to date.
2023-09-04 08:09:59 Checking for update using Github
2023-09-04 08:09:59 Success.
2023-09-04 08:09:59 Latest version is 1.4.5
2023-09-04 08:09:59 App is up to date.
2023-09-04 09:09:59 Checking for update using Github
2023-09-04 09:09:59 Success.
2023-09-04 09:09:59 Latest version is 1.4.5
2023-09-04 09:09:59 App is up to date.
2023-09-04 10:09:59 Checking for update using Github
2023-09-04 10:10:00 Success.
2023-09-04 10:10:00 Latest version is 1.4.5
2023-09-04 10:10:00 App is up to date.
2023-09-04 13:17:56 Checking for update using Github
2023-09-04 13:17:57 Success.
2023-09-04 13:17:57 Latest version is 1.4.5
2023-09-04 13:17:57 App is up to date.
2023-09-04 14:17:57 Checking for update using Github
2023-09-04 14:17:57 Success.
2023-09-04 14:17:57 Latest version is 1.4.5
2023-09-04 14:17:57 App is up to date.
2023-09-04 15:17:57 Checking for update using Github
2023-09-04 15:17:57 Success.
2023-09-04 15:17:57 Latest version is 1.4.5
2023-09-04 15:17:57 App is up to date.
2023-09-04 15:50:07 Loading updated app package /home/jbc/.config/obsidian/obsidian-1.4.5.asar
2023-09-04 15:50:07 Checking for update using Github
2023-09-04 15:50:07 Success.
2023-09-04 15:50:07 Latest version is 1.4.5
2023-09-04 15:50:07 App is up to date.
2023-09-05 03:12:07 Loading updated app package /home/jbc/.config/obsidian/obsidian-1.4.5.asar
2023-09-05 03:12:07 Checking for update using Github
2023-09-05 03:12:07 Success.
2023-09-05 03:12:07 Latest version is 1.4.5
2023-09-05 03:12:07 App is up to date.
2023-09-05 03:21:58 Loading updated app package /home/jbc/.config/obsidian/obsidian-1.4.5.asar
2023-09-05 03:21:59 Checking for update using Github
2023-09-05 03:21:59 Success.
2023-09-05 03:21:59 Latest version is 1.4.5
2023-09-05 03:21:59 App is up to date.
2023-09-05 03:22:44 Checking for update using Github
2023-09-05 03:22:44 Success.
2023-09-05 03:22:44 Latest version is 1.4.5
2023-09-05 03:22:44 App is up to date.
2023-09-05 03:28:53 Loading updated app package /home/jbc/.config/obsidian/obsidian-1.4.5.asar
2023-09-05 03:28:54 Checking for update using Github
2023-09-05 03:28:54 Success.
2023-09-05 03:28:54 Latest version is 1.4.5
2023-09-05 03:28:54 App is up to date.
2023-09-05 04:28:53 Checking for update using Github
2023-09-05 04:30:27 Failed to check for update using Github (Unexpected token 'T', "Timed out "... is not valid JSON)
2023-09-05 04:30:27 Checking for update using obsidian.md
2023-09-05 04:30:28 Success.
2023-09-05 04:30:28 Latest version is 1.4.5
2023-09-05 04:30:28 App is up to date.
2023-09-05 05:03:54 Loading updated app package /home/jbc/.config/obsidian/obsidian-1.4.5.asar
2023-09-05 05:03:54 Checking for update using Github
2023-09-05 05:03:54 Success.
2023-09-05 05:03:54 Latest version is 1.4.5
2023-09-05 05:03:54 App is up to date.
2023-09-05 05:11:07 Loading updated app package /home/jbc/.config/obsidian/obsidian-1.4.5.asar
2023-09-05 05:11:08 Checking for update using Github
2023-09-05 05:11:08 Success.
2023-09-05 05:11:08 Latest version is 1.4.5
2023-09-05 05:11:08 App is up to date.
2023-09-05 05:11:44 Loading updated app package /home/jbc/.config/obsidian/obsidian-1.4.5.asar
2023-09-05 05:11:44 Checking for update using Github
2023-09-05 05:11:44 Success.
2023-09-05 05:11:44 Latest version is 1.4.5
2023-09-05 05:11:44 App is up to date.
2023-09-05 20:38:14 Loading updated app package /home/jbc/.config/obsidian/obsidian-1.4.5.asar
2023-09-05 20:38:14 Checking for update using Github
2023-09-05 20:38:15 Success.
2023-09-05 20:38:15 Latest version is 1.4.5
2023-09-05 20:38:15 App is up to date.
2023-09-06 19:29:20 Loading updated app package /home/jbc/.config/obsidian/obsidian-1.4.5.asar
2023-09-06 19:29:20 Checking for update using Github
2023-09-06 19:29:20 Success.
2023-09-06 19:29:20 Latest version is 1.4.5
2023-09-06 19:29:20 App is up to date.
2023-09-06 19:35:07 Loading updated app package /home/jbc/.config/obsidian/obsidian-1.4.5.asar
2023-09-06 19:35:07 Checking for update using Github
2023-09-06 19:49:15 Loading updated app package /home/jbc/.config/obsidian/obsidian-1.4.5.asar
2023-09-06 19:49:15 Checking for update using Github
2023-09-06 19:49:16 Success.
2023-09-06 19:49:16 Latest version is 1.4.5
2023-09-06 19:49:16 App is up to date.
2023-09-06 20:49:15 Checking for update using Github
2023-09-06 20:49:15 Success.
2023-09-06 20:49:15 Latest version is 1.4.5
2023-09-06 20:49:15 App is up to date.
2023-09-08 13:32:08 Loading updated app package /home/jbc/.config/obsidian/obsidian-1.4.5.asar
2023-09-08 13:32:08 Checking for update using Github
2023-09-08 13:32:09 Success.
2023-09-08 13:32:09 Latest version is 1.4.5
2023-09-08 13:32:09 App is up to date.
2023-09-08 14:32:08 Checking for update using Github
2023-09-08 14:32:08 Success.
2023-09-08 14:32:08 Latest version is 1.4.5
2023-09-08 14:32:08 App is up to date.
2023-09-08 15:32:08 Checking for update using Github
2023-09-08 15:32:08 Success.
2023-09-08 15:32:08 Latest version is 1.4.5
2023-09-08 15:32:08 App is up to date.
2023-09-08 16:32:08 Checking for update using Github
2023-09-08 16:32:08 Success.
2023-09-08 16:32:08 Latest version is 1.4.5
2023-09-08 16:32:08 App is up to date.
2023-09-08 17:32:08 Checking for update using Github
2023-09-08 17:32:08 Success.
2023-09-08 17:32:08 Latest version is 1.4.5
2023-09-08 17:32:08 App is up to date.
2023-09-10 06:52:06 Checking for update using Github
2023-09-10 06:52:06 Success.
2023-09-10 06:52:06 Latest version is 1.4.5
2023-09-10 06:52:06 App is up to date.
2023-09-10 07:52:06 Checking for update using Github
2023-09-10 07:52:06 Success.
2023-09-10 07:52:06 Latest version is 1.4.5
2023-09-10 07:52:06 App is up to date.
2023-09-11 16:29:20 Loading updated app package /home/jbc/.config/obsidian/obsidian-1.4.5.asar
2023-09-11 16:29:21 Checking for update using Github
2023-09-11 16:29:21 Success.
2023-09-11 16:29:21 Latest version is 1.4.5
2023-09-11 16:29:21 App is up to date.
2023-09-11 17:29:20 Checking for update using Github
2023-09-11 17:29:20 Success.
2023-09-11 17:29:20 Latest version is 1.4.5
2023-09-11 17:29:20 App is up to date.
2023-09-18 11:16:33 Loading updated app package /home/jbc/.config/obsidian/obsidian-1.4.5.asar
2023-09-18 11:16:34 Checking for update using Github
2023-09-18 11:16:34 Success.
2023-09-18 11:16:34 Latest version is 1.4.13
2023-09-18 11:16:34 Downloading update from https://github.com/obsidianmd/obsidian-releases/releases/download/v1.4.13/obsidian-1.4.13.asar.gz
2023-09-18 11:16:35 Verifying hash & signature. Size= 8394487
2023-09-18 11:16:35 Saving file
2023-09-18 11:16:35 Update complete.
2023-09-18 12:16:31 Checking for update using Github
2023-09-18 12:16:31 Success.
2023-09-18 12:16:31 Latest version is 1.4.13
2023-09-18 12:16:31 An update is already downloaded.
2023-09-18 13:16:31 Checking for update using Github
2023-09-18 13:16:31 Success.
2023-09-18 13:16:31 Latest version is 1.4.13
2023-09-18 13:16:31 An update is already downloaded.
2023-09-18 14:16:31 Checking for update using Github
2023-09-18 14:16:31 Success.
2023-09-18 14:16:31 Latest version is 1.4.13
2023-09-18 14:16:31 An update is already downloaded.
2023-09-18 15:16:31 Checking for update using Github
2023-09-18 15:16:31 Success.
2023-09-18 15:16:31 Latest version is 1.4.13
2023-09-18 15:16:31 An update is already downloaded.
2023-09-19 12:33:11 Loading updated app package /home/jbc/.config/obsidian/obsidian-1.4.13.asar
2023-09-19 12:33:12 Checking for update using Github
2023-09-19 12:33:12 Success.
2023-09-19 12:33:12 Latest version is 1.4.13
2023-09-19 12:33:12 App is up to date.
2023-09-19 12:43:04 Loading main app package /tmp/.mount_obsidic59CSl/resources/obsidian.asar
2023-09-19 12:43:05 Checking for update using Github
2023-09-19 12:43:05 Success.
2023-09-19 12:43:05 Latest version is 1.4.13
2023-09-19 12:43:05 App is up to date.
2023-09-19 13:02:28 Loading main app package /tmp/.mount_obsidicik4W4/resources/obsidian.asar
2023-09-19 13:02:28 Checking for update using Github
2023-09-19 13:02:28 Success.
2023-09-19 13:02:28 Latest version is 1.4.13
2023-09-19 13:02:28 App is up to date.
2023-09-19 13:03:56 Loading main app package /tmp/.mount_obsidiiTYebj/resources/obsidian.asar
2023-09-19 13:03:56 Checking for update using Github
2023-09-19 13:03:56 Success.
2023-09-19 13:03:56 Latest version is 1.4.13
2023-09-19 13:03:56 App is up to date.
2023-09-19 13:04:40 Loading main app package /tmp/.mount_obsidiALiCUj/resources/obsidian.asar
2023-09-19 13:04:41 Checking for update using Github
2023-09-19 13:04:41 Success.
2023-09-19 13:04:41 Latest version is 1.4.13
2023-09-19 13:04:41 App is up to date.
2023-09-19 13:05:31 Loading main app package /tmp/.mount_obsidilKWKrq/resources/obsidian.asar
2023-09-19 13:05:31 Checking for update using Github
2023-09-19 13:05:31 Success.
2023-09-19 13:05:31 Latest version is 1.4.13
2023-09-19 13:05:31 App is up to date.
2023-09-19 13:05:49 Loading main app package /tmp/.mount_obsidi1BjSvH/resources/obsidian.asar
2023-09-19 13:05:50 Checking for update using Github
2023-09-19 13:05:50 Success.
2023-09-19 13:05:50 Latest version is 1.4.13
2023-09-19 13:05:50 App is up to date.
2023-09-19 13:08:30 Loading main app package /tmp/.mount_obsidi9ekjMN/resources/obsidian.asar
2023-09-19 13:08:30 Checking for update using Github
2023-09-19 13:08:31 Success.
2023-09-19 13:08:31 Latest version is 1.4.13
2023-09-19 13:08:31 App is up to date.
2023-09-19 13:09:51 Loading main app package /tmp/.mount_obsidi3hH7s9/resources/obsidian.asar
2023-09-19 13:11:16 Loading main app package /tmp/.mount_obsidihwkHpw/resources/obsidian.asar
2023-09-19 13:11:17 Checking for update using Github
2023-09-19 13:11:17 Success.
2023-09-19 13:11:17 Latest version is 1.4.13
2023-09-19 13:11:17 App is up to date.
2023-09-19 13:12:04 Loading main app package /tmp/.mount_obsidieQJzZs/resources/obsidian.asar
2023-09-19 13:12:04 Checking for update using Github
2023-09-19 13:12:04 Success.
2023-09-19 13:12:04 Latest version is 1.4.13
2023-09-19 13:12:04 App is up to date.
2023-09-19 13:12:37 Loading main app package /tmp/.mount_obsidiZKz7Kz/resources/obsidian.asar
2023-09-19 13:12:37 Checking for update using Github
2023-09-19 13:12:37 Success.
2023-09-19 13:12:37 Latest version is 1.4.13
2023-09-19 13:12:37 App is up to date.
2023-09-19 13:13:20 Loading main app package /tmp/.mount_obsidiFIbuxI/resources/obsidian.asar
2023-09-19 13:13:21 Checking for update using Github
2023-09-19 13:13:21 Success.
2023-09-19 13:13:21 Latest version is 1.4.13
2023-09-19 13:13:21 App is up to date.
2023-09-19 13:17:17 Loading main app package /tmp/.mount_obsidiQWO1l9/resources/obsidian.asar
2023-09-19 13:17:18 Checking for update using Github
2023-09-19 13:17:18 Success.
2023-09-19 13:17:18 Latest version is 1.4.13
2023-09-19 13:17:18 App is up to date.
2023-09-19 14:17:17 Checking for update using Github
2023-09-19 14:17:17 Success.
2023-09-19 14:17:17 Latest version is 1.4.13
2023-09-19 14:17:17 App is up to date.
2023-09-19 14:41:39 Loading main app package /tmp/.mount_obsidiM36pxh/resources/obsidian.asar
2023-09-19 14:41:40 Checking for update using Github
2023-09-19 14:41:40 Success.
2023-09-19 14:41:40 Latest version is 1.4.13
2023-09-19 14:41:40 App is up to date.
2023-09-19 15:41:39 Checking for update using Github
2023-09-19 15:41:40 Success.
2023-09-19 15:41:40 Latest version is 1.4.13
2023-09-19 15:41:40 App is up to date.
2023-09-20 10:35:26 Loading main app package /tmp/.mount_obsidiigGVlj/resources/obsidian.asar
2023-09-20 10:35:26 Checking for update using Github
2023-09-20 11:03:29 Checking for update using Github
2023-09-20 11:03:29 Success.
2023-09-20 11:03:29 Latest version is 1.4.13
2023-09-20 11:03:29 App is up to date.
2023-09-20 12:03:27 Checking for update using Github
2023-09-20 12:03:27 Success.
2023-09-20 12:03:27 Latest version is 1.4.13
2023-09-20 12:03:27 App is up to date.
2023-09-20 13:03:27 Checking for update using Github
2023-09-20 13:03:27 Success.
2023-09-20 13:03:27 Latest version is 1.4.13
2023-09-20 13:03:27 App is up to date.
2023-09-21 03:35:12 Loading main app package /tmp/.mount_obsidiVkfPvP/resources/obsidian.asar
2023-09-21 03:35:13 Checking for update using Github
2023-09-21 03:35:13 Success.
2023-09-21 03:35:13 Latest version is 1.4.13
2023-09-21 03:35:13 App is up to date.
2023-09-21 04:35:12 Checking for update using Github
2023-09-21 04:35:12 Success.
2023-09-21 04:35:12 Latest version is 1.4.13
2023-09-21 04:35:12 App is up to date.
2023-09-21 05:35:12 Checking for update using Github
2023-09-21 05:35:12 Success.
2023-09-21 05:35:12 Latest version is 1.4.13
2023-09-21 05:35:12 App is up to date.
2023-09-21 17:53:09 Checking for update using Github
2023-09-21 17:53:09 Success.
2023-09-21 17:53:09 Latest version is 1.4.13
2023-09-21 17:53:09 App is up to date.
2023-09-21 18:53:09 Checking for update using Github
2023-09-21 18:53:09 Success.
2023-09-21 18:53:09 Latest version is 1.4.13
2023-09-21 18:53:09 App is up to date.
2023-09-21 19:53:09 Checking for update using Github
2023-09-21 19:53:09 Success.
2023-09-21 19:53:09 Latest version is 1.4.13
2023-09-21 19:53:09 App is up to date.
2023-09-22 17:05:11 Loading main app package /tmp/.mount_obsidiz0c5s1/resources/obsidian.asar
2023-09-22 17:05:12 Checking for update using Github
2023-09-22 17:05:12 Success.
2023-09-22 17:05:12 Latest version is 1.4.13
2023-09-22 17:05:12 App is up to date.
2023-09-22 18:05:11 Checking for update using Github
2023-09-22 18:05:11 Success.
2023-09-22 18:05:11 Latest version is 1.4.13
2023-09-22 18:05:11 App is up to date.
2023-09-24 16:58:57 Loading main app package /tmp/.mount_obsidipEDApz/resources/obsidian.asar
2023-09-24 16:58:58 Checking for update using Github
2023-09-24 16:58:58 Success.
2023-09-24 16:58:58 Latest version is 1.4.13
2023-09-24 16:58:58 App is up to date.
2023-09-29 04:45:38 Loading main app package /tmp/.mount_obsidicfmaCR/resources/obsidian.asar
2023-09-29 04:45:38 Checking for update using Github
2023-09-29 04:45:38 Success.
2023-09-29 04:45:38 Latest version is 1.4.14
2023-09-29 04:45:38 Downloading update from https://github.com/obsidianmd/obsidian-releases/releases/download/v1.4.14/obsidian-1.4.14.asar.gz
2023-09-29 04:45:39 Verifying hash & signature. Size= 8393737
2023-09-29 04:45:39 Saving file
2023-09-29 04:45:39 Update complete.
2023-09-30 06:27:30 Loading updated app package /home/jbc/.config/obsidian/obsidian-1.4.14.asar
2023-09-30 06:27:31 Checking for update using Github
2023-09-30 06:27:31 Success.
2023-09-30 06:27:31 Latest version is 1.4.14
2023-09-30 06:27:31 App is up to date.
2023-09-30 06:28:12 Checking for update using Github
2023-09-30 06:28:12 Success.
2023-09-30 06:28:12 Latest version is 1.4.14
2023-09-30 06:28:12 App is up to date.
2023-09-30 06:28:19 Checking for update using Github
2023-09-30 06:28:19 Success.
2023-09-30 06:28:19 Latest version is 1.4.14
2023-09-30 06:28:19 App is up to date.
2023-09-30 06:29:04 Loading updated app package /home/jbc/.config/obsidian/obsidian-1.4.14.asar
2023-09-30 06:29:05 Checking for update using Github
2023-09-30 06:29:05 Success.
2023-09-30 06:29:05 Latest version is 1.4.14
2023-09-30 06:29:05 App is up to date.
2023-09-30 07:29:04 Checking for update using Github
2023-09-30 07:29:04 Success.
2023-09-30 07:29:04 Latest version is 1.4.14
2023-09-30 07:29:04 App is up to date.
2023-10-01 13:15:46 Checking for update using Github
2023-10-01 13:15:46 Success.
2023-10-01 13:15:46 Latest version is 1.4.14
2023-10-01 13:15:46 App is up to date.
2023-10-01 14:15:46 Checking for update using Github
2023-10-01 14:15:46 Success.
2023-10-01 14:15:46 Latest version is 1.4.14
2023-10-01 14:15:46 App is up to date.
2023-10-02 06:28:03 Checking for update using Github
2023-10-02 06:28:03 Success.
2023-10-02 06:28:03 Latest version is 1.4.14
2023-10-02 06:28:03 App is up to date.
2023-10-03 05:10:50 Loading main app package /nix/store/vcr8cicxsivqlicnsny953xy6sq8kj2v-obsidian-1.4.14/share/obsidian/obsidian.asar
2023-10-03 05:10:50 Checking for update using Github
2023-10-03 05:10:50 Success.
2023-10-03 05:10:50 Latest version is 1.4.14
2023-10-03 05:10:50 App is up to date.
