2022-12-02 12:17:44 Loading main app package /tmp/.mount_ObsidiSDDlWc/resources/obsidian.asar
2022-12-02 12:17:44 Checking for update using Github
2022-12-02 12:17:44 Success.
2022-12-02 12:17:44 Latest version is 1.0.3
2022-12-02 12:17:44 App is up to date.
2022-12-02 13:36:34 Loading main app package /tmp/.mount_obsidi2o8zmq/resources/obsidian.asar
2022-12-02 13:36:34 Checking for update using Github
2022-12-02 13:36:34 Success.
2022-12-02 13:36:34 Latest version is 1.0.3
2022-12-02 13:36:34 App is up to date.
2022-12-20 17:15:42 Loading main app package /tmp/.mount_obsidiPeHqW7/resources/obsidian.asar
2022-12-20 17:15:42 Checking for update using Github
2022-12-20 17:15:42 Success.
2022-12-20 17:15:42 Latest version is 1.1.8
2022-12-20 17:15:42 App is up to date.
2022-12-21 07:56:02 Loading main app package /tmp/.mount_obsidiM5CM0A/resources/obsidian.asar
2022-12-21 07:56:03 Checking for update using Github
2022-12-21 07:56:03 Success.
2022-12-21 07:56:03 Latest version is 1.1.8
2022-12-21 07:56:03 App is up to date.
2022-12-21 16:21:11 Checking for update using Github
2022-12-21 16:21:11 Success.
2022-12-21 16:21:11 Latest version is 1.1.8
2022-12-21 16:21:11 App is up to date.
2022-12-22 11:44:40 Loading main app package /tmp/.mount_obsidi8qM2fy/resources/obsidian.asar
2022-12-22 11:44:41 Checking for update using Github
2022-12-22 11:44:41 Success.
2022-12-22 11:44:41 Latest version is 1.1.8
2022-12-22 11:44:41 App is up to date.
2022-12-22 12:44:40 Checking for update using Github
2022-12-22 12:44:40 Success.
2022-12-22 12:44:40 Latest version is 1.1.8
2022-12-22 12:44:40 App is up to date.
2022-12-24 22:47:30 Loading main app package /tmp/.mount_obsidiDZWOnh/resources/obsidian.asar
2022-12-24 22:47:31 Checking for update using Github
2022-12-24 22:47:31 Success.
2022-12-24 22:47:31 Latest version is 1.1.9
2022-12-24 22:47:31 Downloading update from https://github.com/obsidianmd/obsidian-releases/releases/download/v1.1.9/obsidian-1.1.9.asar.gz
2022-12-24 22:47:31 Verifying hash & signature. Size= 5753685
2022-12-24 22:47:31 Saving file
2022-12-24 22:47:31 Update complete.
2022-12-24 23:47:30 Checking for update using Github
2022-12-24 23:47:30 Success.
2022-12-24 23:47:30 Latest version is 1.1.9
2022-12-24 23:47:30 An update is already downloaded.
2022-12-25 00:47:30 Checking for update using Github
2022-12-25 00:47:30 Success.
2022-12-25 00:47:30 Latest version is 1.1.9
2022-12-25 00:47:30 An update is already downloaded.
2022-12-25 01:47:30 Checking for update using Github
2022-12-25 01:47:30 Success.
2022-12-25 01:47:30 Latest version is 1.1.9
2022-12-25 01:47:30 An update is already downloaded.
2022-12-29 08:41:36 Loading updated app package /home/jbc/.config/obsidian/obsidian-1.1.9.asar
2022-12-29 08:41:36 Checking for update using Github
2022-12-29 08:41:36 Success.
2022-12-29 08:41:36 Latest version is 1.1.9
2022-12-29 08:41:36 App is up to date.
2022-12-30 05:23:05 Loading updated app package /home/jbc/.config/obsidian/obsidian-1.1.9.asar
2022-12-30 05:23:05 Checking for update using Github
2022-12-30 05:23:06 Success.
2022-12-30 05:23:06 Latest version is 1.1.9
2022-12-30 05:23:06 App is up to date.
2023-01-03 20:05:08 Loading updated app package /home/jbc/.config/obsidian/obsidian-1.1.9.asar
2023-01-03 20:05:09 Checking for update using Github
2023-01-03 20:05:09 Success.
2023-01-03 20:05:09 Latest version is 1.1.9
2023-01-03 20:05:09 App is up to date.
2023-01-03 21:05:06 Checking for update using Github
2023-01-03 21:05:06 Success.
2023-01-03 21:05:06 Latest version is 1.1.9
2023-01-03 21:05:06 App is up to date.
2023-01-06 12:00:09 Loading updated app package /home/jbc/.config/obsidian/obsidian-1.1.9.asar
2023-01-06 12:00:09 Checking for update using Github
2023-01-06 12:00:10 Success.
2023-01-06 12:00:10 Latest version is 1.1.9
2023-01-06 12:00:10 App is up to date.
2023-01-06 13:00:09 Checking for update using Github
2023-01-06 13:00:09 Success.
2023-01-06 13:00:09 Latest version is 1.1.9
2023-01-06 13:00:09 App is up to date.
2023-01-06 17:48:18 Checking for update using Github
2023-01-06 17:48:19 Success.
2023-01-06 17:48:19 Latest version is 1.1.9
2023-01-06 17:48:19 App is up to date.
2023-01-06 18:48:19 Checking for update using Github
2023-01-06 18:48:19 Success.
2023-01-06 18:48:19 Latest version is 1.1.9
2023-01-06 18:48:19 App is up to date.
2023-01-06 19:48:19 Checking for update using Github
2023-01-06 19:48:19 Success.
2023-01-06 19:48:19 Latest version is 1.1.9
2023-01-06 19:48:19 App is up to date.
2023-01-06 20:48:19 Checking for update using Github
2023-01-06 20:48:19 Success.
2023-01-06 20:48:19 Latest version is 1.1.9
2023-01-06 20:48:19 App is up to date.
2023-01-15 07:11:27 Loading updated app package /home/jbc/.config/obsidian/obsidian-1.1.9.asar
2023-01-15 07:11:27 Checking for update using Github
2023-01-15 07:11:27 Success.
2023-01-15 07:11:27 Latest version is 1.1.9
2023-01-15 07:11:27 App is up to date.
2023-01-15 08:11:26 Checking for update using Github
2023-01-15 08:11:26 Success.
2023-01-15 08:11:26 Latest version is 1.1.9
2023-01-15 08:11:26 App is up to date.
2023-01-16 03:58:45 Loading updated app package /home/jbc/.config/obsidian/obsidian-1.1.9.asar
2023-01-16 03:58:45 Checking for update using Github
2023-01-16 03:58:46 Success.
2023-01-16 03:58:46 Latest version is 1.1.9
2023-01-16 03:58:46 App is up to date.
2023-01-20 14:54:14 Loading updated app package /home/jbc/.config/obsidian/obsidian-1.1.9.asar
2023-01-20 14:54:15 Checking for update using Github
2023-01-20 14:54:15 Success.
2023-01-20 14:54:15 Latest version is 1.1.9
2023-01-20 14:54:15 App is up to date.
2023-01-20 15:54:14 Checking for update using Github
2023-01-20 15:54:15 Success.
2023-01-20 15:54:15 Latest version is 1.1.9
2023-01-20 15:54:15 App is up to date.
2023-01-20 20:52:06 Checking for update using Github
2023-01-20 20:52:07 Success.
2023-01-20 20:52:07 Latest version is 1.1.9
2023-01-20 20:52:07 App is up to date.
2023-01-20 21:52:07 Checking for update using Github
2023-01-20 21:52:07 Success.
2023-01-20 21:52:07 Latest version is 1.1.9
2023-01-20 21:52:07 App is up to date.
2023-01-20 22:52:07 Checking for update using Github
2023-01-20 22:52:07 Success.
2023-01-20 22:52:07 Latest version is 1.1.9
2023-01-20 22:52:07 App is up to date.
2023-01-26 23:20:08 Loading updated app package /home/jbc/.config/obsidian/obsidian-1.1.9.asar
2023-01-26 23:20:09 Checking for update using Github
2023-01-26 23:20:09 Success.
2023-01-26 23:20:09 Latest version is 1.1.9
2023-01-26 23:20:09 App is up to date.
2023-01-28 08:04:12 Loading updated app package /home/jbc/.config/obsidian/obsidian-1.1.9.asar
2023-01-28 08:04:13 Checking for update using Github
2023-01-28 08:04:13 Success.
2023-01-28 08:04:13 Latest version is 1.1.9
2023-01-28 08:04:13 App is up to date.
2023-01-30 16:02:34 Loading updated app package /home/jbc/.config/obsidian/obsidian-1.1.9.asar
2023-01-30 16:02:34 Checking for update using Github
2023-01-30 16:02:34 Success.
2023-01-30 16:02:34 Latest version is 1.1.9
2023-01-30 16:02:34 App is up to date.
2023-02-03 03:55:17 Loading updated app package /home/jbc/.config/obsidian/obsidian-1.1.9.asar
2023-02-03 03:55:18 Checking for update using Github
2023-02-03 03:55:18 Success.
2023-02-03 03:55:18 Latest version is 1.1.9
2023-02-03 03:55:18 App is up to date.
2023-02-03 06:02:46 Loading updated app package /home/jbc/.config/obsidian/obsidian-1.1.9.asar
2023-02-03 06:02:47 Checking for update using Github
2023-02-03 06:02:47 Success.
2023-02-03 06:02:47 Latest version is 1.1.9
2023-02-03 06:02:47 App is up to date.
2023-02-03 07:02:47 Checking for update using Github
2023-02-03 07:02:47 Success.
2023-02-03 07:02:47 Latest version is 1.1.9
2023-02-03 07:02:47 App is up to date.
2023-02-03 17:45:46 Checking for update using Github
2023-02-03 17:45:46 Success.
2023-02-03 17:45:46 Latest version is 1.1.9
2023-02-03 17:45:46 App is up to date.
2023-02-03 18:45:45 Checking for update using Github
2023-02-03 18:45:45 Success.
2023-02-03 18:45:45 Latest version is 1.1.9
2023-02-03 18:45:45 App is up to date.
2023-02-03 19:20:09 Loading updated app package /home/jbc/.config/obsidian/obsidian-1.1.9.asar
2023-02-03 19:20:09 Checking for update using Github
2023-02-03 19:20:09 Success.
2023-02-03 19:20:09 Latest version is 1.1.9
2023-02-03 19:20:09 App is up to date.
2023-02-03 20:20:09 Checking for update using Github
2023-02-03 20:20:09 Success.
2023-02-03 20:20:09 Latest version is 1.1.9
2023-02-03 20:20:09 App is up to date.
2023-02-07 09:01:48 Loading updated app package /home/jbc/.config/obsidian/obsidian-1.1.9.asar
2023-02-07 09:01:48 Checking for update using Github
2023-02-07 09:01:49 Success.
2023-02-07 09:01:49 Latest version is 1.1.9
2023-02-07 09:01:49 App is up to date.
2023-02-07 10:01:48 Checking for update using Github
2023-02-07 10:01:48 Success.
2023-02-07 10:01:48 Latest version is 1.1.9
2023-02-07 10:01:48 App is up to date.
2023-02-07 11:01:48 Checking for update using Github
2023-02-07 11:01:48 Success.
2023-02-07 11:01:48 Latest version is 1.1.9
2023-02-07 11:01:48 App is up to date.
2023-02-07 12:01:48 Checking for update using Github
2023-02-07 12:01:48 Success.
2023-02-07 12:01:48 Latest version is 1.1.9
2023-02-07 12:01:48 App is up to date.
2023-02-10 16:12:27 Loading updated app package /home/jbc/.config/obsidian/obsidian-1.1.9.asar
2023-02-10 16:12:28 Checking for update using Github
2023-02-10 16:12:28 Success.
2023-02-10 16:12:28 Latest version is 1.1.9
2023-02-10 16:12:28 App is up to date.
2023-02-10 17:12:27 Checking for update using Github
2023-02-10 17:12:27 Success.
2023-02-10 17:12:27 Latest version is 1.1.9
2023-02-10 17:12:27 App is up to date.
2023-02-13 09:31:07 Loading updated app package /home/jbc/.config/obsidian/obsidian-1.1.9.asar
2023-02-13 09:31:07 Checking for update using Github
2023-02-13 09:31:08 Success.
2023-02-13 09:31:08 Latest version is 1.1.9
2023-02-13 09:31:08 App is up to date.
2023-02-13 10:31:07 Checking for update using Github
2023-02-13 10:31:07 Success.
2023-02-13 10:31:07 Latest version is 1.1.9
2023-02-13 10:31:07 App is up to date.
2023-02-13 11:31:07 Checking for update using Github
2023-02-13 11:31:07 Success.
2023-02-13 11:31:07 Latest version is 1.1.9
2023-02-13 11:31:07 App is up to date.
2023-02-13 12:31:07 Checking for update using Github
2023-02-13 12:31:07 Success.
2023-02-13 12:31:07 Latest version is 1.1.9
2023-02-13 12:31:07 App is up to date.
2023-02-13 13:31:07 Checking for update using Github
2023-02-13 13:31:07 Success.
2023-02-13 13:31:07 Latest version is 1.1.9
2023-02-13 13:31:07 App is up to date.
2023-02-13 14:31:07 Checking for update using Github
2023-02-13 14:31:07 Success.
2023-02-13 14:31:07 Latest version is 1.1.9
2023-02-13 14:31:07 App is up to date.
2023-02-13 15:31:07 Checking for update using Github
2023-02-13 15:31:07 Success.
2023-02-13 15:31:07 Latest version is 1.1.9
2023-02-13 15:31:07 App is up to date.
2023-02-13 16:31:07 Checking for update using Github
2023-02-13 16:31:08 Success.
2023-02-13 16:31:08 Latest version is 1.1.9
2023-02-13 16:31:08 App is up to date.
2023-02-13 17:31:08 Checking for update using Github
2023-02-13 17:31:08 Success.
2023-02-13 17:31:08 Latest version is 1.1.9
2023-02-13 17:31:08 App is up to date.
2023-02-13 20:00:01 Loading updated app package /home/jbc/.config/obsidian/obsidian-1.1.9.asar
2023-02-13 20:00:01 Checking for update using Github
2023-02-13 20:00:01 Success.
2023-02-13 20:00:01 Latest version is 1.1.9
2023-02-13 20:00:01 App is up to date.
2023-02-21 04:58:35 Loading updated app package /home/jbc/.config/obsidian/obsidian-1.1.9.asar
2023-02-21 04:58:35 Checking for update using Github
2023-02-21 04:58:35 Success.
2023-02-21 04:58:35 Latest version is 1.1.9
2023-02-21 04:58:35 App is up to date.
2023-05-17 20:26:29 Loading updated app package /home/jbc/.config/obsidian/obsidian-1.1.9.asar
2023-05-17 20:26:29 Checking for update using Github
2023-05-17 20:26:30 Success.
2023-05-17 20:26:30 Latest version is 1.2.8
2023-05-17 20:26:30 Downloading update from https://github.com/obsidianmd/obsidian-releases/releases/download/v1.2.8/obsidian-1.2.8.asar.gz
2023-05-17 20:26:31 Verifying hash & signature. Size= 6033374
2023-05-17 20:26:31 Saving file
2023-05-17 20:26:31 Update complete.
